<?xml version="1.0" encoding="UTF-8"?>
<!-- Generated by org.testng.reporters.JUnitXMLReporter -->
<testsuite ignored="0" hostname="IN-PG02P5XL" failures="0" tests="5" name="Test" time="82.249" errors="0" timestamp="2023-08-13T22:47:26 IST">
  <testcase classname="com.nagp.tests.CreateAccountTest" name="createAccountTest" time="3.892"/>
  <testcase classname="com.nagp.tests.AddToCartAndCheckOutTest" name="AddToCartCheckOut" time="18.723"/>
  <testcase classname="com.nagp.tests.ChooseProductFromDropDownTest" name="ChoosePro" time="4.012"/>
  <testcase classname="com.nagp.tests.ReadAndWriteReviewsForProductTest" name="ReadReviewTest" time="5.657"/>
  <testcase classname="com.nagp.tests.ReadAndWriteReviewsForProductTest" name="WriteReviewTest" time="8.958"/>
</testsuite> <!-- Test -->
