<?xml version="1.0" encoding="UTF-8"?>
<testng-results ignored="0" total="5" passed="5" failed="0" skipped="0">
  <reporter-output>
  </reporter-output>
  <suite started-at="2023-08-13T22:46:04 IST" name="Suite" finished-at="2023-08-13T22:47:26 IST" duration-ms="82249">
    <groups>
      <group name="Sanity">
        <method signature="AddToCartAndCheckOutTest.AddToCartCheckOut(java.lang.String,java.lang.String)[pri:1, instance:com.nagp.tests.AddToCartAndCheckOutTest@53b7f657]" name="AddToCartCheckOut" class="com.nagp.tests.AddToCartAndCheckOutTest"/>
        <method signature="ChooseProductFromDropDownTest.ChoosePro()[pri:1, instance:com.nagp.tests.ChooseProductFromDropDownTest@797b0699]" name="ChoosePro" class="com.nagp.tests.ChooseProductFromDropDownTest"/>
        <method signature="ReadAndWriteReviewsForProductTest.ReadReviewTest()[pri:1, instance:com.nagp.tests.ReadAndWriteReviewsForProductTest@5a37d3ed]" name="ReadReviewTest" class="com.nagp.tests.ReadAndWriteReviewsForProductTest"/>
        <method signature="ReadAndWriteReviewsForProductTest.WriteReviewTest(java.lang.String,java.lang.String,java.lang.String)[pri:2, instance:com.nagp.tests.ReadAndWriteReviewsForProductTest@5a37d3ed]" name="WriteReviewTest" class="com.nagp.tests.ReadAndWriteReviewsForProductTest"/>
      </group> <!-- Sanity -->
    </groups>
    <test started-at="2023-08-13T22:46:04 IST" name="Test" finished-at="2023-08-13T22:47:26 IST" duration-ms="82249">
      <class name="com.nagp.tests.ReadAndWriteReviewsForProductTest">
        <test-method is-config="true" signature="setup()[pri:0, instance:com.nagp.tests.ReadAndWriteReviewsForProductTest@5a37d3ed]" started-at="2023-08-13T22:46:58 IST" name="setup" finished-at="2023-08-13T22:47:04 IST" duration-ms="6228" status="PASS">
          <reporter-output>
          </reporter-output>
        </test-method> <!-- setup -->
        <test-method signature="ReadReviewTest()[pri:1, instance:com.nagp.tests.ReadAndWriteReviewsForProductTest@5a37d3ed]" started-at="2023-08-13T22:47:04 IST" name="ReadReviewTest" description="Read Reviews Fucntionality" finished-at="2023-08-13T22:47:10 IST" duration-ms="5657" status="PASS">
          <reporter-output>
          </reporter-output>
        </test-method> <!-- ReadReviewTest -->
        <test-method is-config="true" signature="tearDown()[pri:0, instance:com.nagp.tests.ReadAndWriteReviewsForProductTest@5a37d3ed]" started-at="2023-08-13T22:47:10 IST" name="tearDown" finished-at="2023-08-13T22:47:10 IST" duration-ms="249" status="PASS">
          <reporter-output>
          </reporter-output>
        </test-method> <!-- tearDown -->
        <test-method is-config="true" signature="setup()[pri:0, instance:com.nagp.tests.ReadAndWriteReviewsForProductTest@5a37d3ed]" started-at="2023-08-13T22:47:10 IST" name="setup" finished-at="2023-08-13T22:47:16 IST" duration-ms="6147" status="PASS">
          <reporter-output>
          </reporter-output>
        </test-method> <!-- setup -->
        <test-method signature="WriteReviewTest(java.lang.String,java.lang.String,java.lang.String)[pri:2, instance:com.nagp.tests.ReadAndWriteReviewsForProductTest@5a37d3ed]" started-at="2023-08-13T22:47:16 IST" name="WriteReviewTest" description="Test Fuctionality For Write Review" data-provider="writeReview" finished-at="2023-08-13T22:47:25 IST" duration-ms="8958" status="PASS">
          <params>
            <param index="0">
              <value>
                <![CDATA[Tannu]]>
              </value>
            </param>
            <param index="1">
              <value>
                <![CDATA[it is really good]]>
              </value>
            </param>
            <param index="2">
              <value>
                <![CDATA[fine product]]>
              </value>
            </param>
          </params>
          <reporter-output>
          </reporter-output>
        </test-method> <!-- WriteReviewTest -->
        <test-method is-config="true" signature="tearDown()[pri:0, instance:com.nagp.tests.ReadAndWriteReviewsForProductTest@5a37d3ed]" started-at="2023-08-13T22:47:25 IST" name="tearDown" finished-at="2023-08-13T22:47:26 IST" duration-ms="343" status="PASS">
          <reporter-output>
          </reporter-output>
        </test-method> <!-- tearDown -->
      </class> <!-- com.nagp.tests.ReadAndWriteReviewsForProductTest -->
      <class name="com.nagp.tests.CreateAccountTest">
        <test-method is-config="true" signature="setup()[pri:0, instance:com.nagp.tests.CreateAccountTest@3fa247d1]" started-at="2023-08-13T22:46:04 IST" name="setup" finished-at="2023-08-13T22:46:17 IST" duration-ms="13159" status="PASS">
          <reporter-output>
          </reporter-output>
        </test-method> <!-- setup -->
        <test-method signature="createAccountTest()[pri:1, instance:com.nagp.tests.CreateAccountTest@3fa247d1]" started-at="2023-08-13T22:46:17 IST" name="createAccountTest" description="Create New Account using Faker Details" finished-at="2023-08-13T22:46:21 IST" duration-ms="3892" status="PASS">
          <reporter-output>
          </reporter-output>
        </test-method> <!-- createAccountTest -->
        <test-method is-config="true" signature="tearDown()[pri:0, instance:com.nagp.tests.CreateAccountTest@3fa247d1]" started-at="2023-08-13T22:46:21 IST" name="tearDown" finished-at="2023-08-13T22:46:21 IST" duration-ms="303" status="PASS">
          <reporter-output>
          </reporter-output>
        </test-method> <!-- tearDown -->
      </class> <!-- com.nagp.tests.CreateAccountTest -->
      <class name="com.nagp.tests.AddToCartAndCheckOutTest">
        <test-method is-config="true" signature="setup()[pri:0, instance:com.nagp.tests.AddToCartAndCheckOutTest@53b7f657]" started-at="2023-08-13T22:46:21 IST" name="setup" finished-at="2023-08-13T22:46:27 IST" duration-ms="5802" status="PASS">
          <reporter-output>
          </reporter-output>
        </test-method> <!-- setup -->
        <test-method signature="AddToCartCheckOut(java.lang.String,java.lang.String)[pri:1, instance:com.nagp.tests.AddToCartAndCheckOutTest@53b7f657]" started-at="2023-08-13T22:46:27 IST" name="AddToCartCheckOut" description="Test Add to cart Fuctionality with checkOut" data-provider="validCredentialsLogin" finished-at="2023-08-13T22:46:46 IST" duration-ms="18723" status="PASS">
          <params>
            <param index="0">
              <value>
                <![CDATA[gtanu8444448@gmail.com]]>
              </value>
            </param>
            <param index="1">
              <value>
                <![CDATA[Qwerty@1234]]>
              </value>
            </param>
          </params>
          <reporter-output>
          </reporter-output>
        </test-method> <!-- AddToCartCheckOut -->
        <test-method is-config="true" signature="tearDown()[pri:0, instance:com.nagp.tests.AddToCartAndCheckOutTest@53b7f657]" started-at="2023-08-13T22:46:46 IST" name="tearDown" finished-at="2023-08-13T22:46:46 IST" duration-ms="303" status="PASS">
          <reporter-output>
          </reporter-output>
        </test-method> <!-- tearDown -->
      </class> <!-- com.nagp.tests.AddToCartAndCheckOutTest -->
      <class name="com.nagp.tests.ChooseProductFromDropDownTest">
        <test-method is-config="true" signature="setup()[pri:0, instance:com.nagp.tests.ChooseProductFromDropDownTest@797b0699]" started-at="2023-08-13T22:46:46 IST" name="setup" finished-at="2023-08-13T22:46:54 IST" duration-ms="7584" status="PASS">
          <reporter-output>
          </reporter-output>
        </test-method> <!-- setup -->
        <test-method signature="ChoosePro()[pri:1, instance:com.nagp.tests.ChooseProductFromDropDownTest@797b0699]" started-at="2023-08-13T22:46:54 IST" name="ChoosePro" description="Choose Product from inhereted dropdowns" finished-at="2023-08-13T22:46:58 IST" duration-ms="4012" status="PASS">
          <reporter-output>
          </reporter-output>
        </test-method> <!-- ChoosePro -->
        <test-method is-config="true" signature="tearDown()[pri:0, instance:com.nagp.tests.ChooseProductFromDropDownTest@797b0699]" started-at="2023-08-13T22:46:58 IST" name="tearDown" finished-at="2023-08-13T22:46:58 IST" duration-ms="319" status="PASS">
          <reporter-output>
          </reporter-output>
        </test-method> <!-- tearDown -->
      </class> <!-- com.nagp.tests.ChooseProductFromDropDownTest -->
    </test> <!-- Test -->
  </suite> <!-- Suite -->
</testng-results>
